nohup: 忽略輸入

--- 1209_0057 ---

       home_pitcher_wpa_def_mean  ...  home_better_team_rest
0                       0.236048  ...                      1
1                      -0.652088  ...                      1
2                       0.606709  ...                      1
3                      -0.012947  ...                      1
4                      -0.288251  ...                      1
...                          ...  ...                    ...
10959                  -0.837050  ...                      1
10960                  -2.098482  ...                      1
10961                  -0.804340  ...                      0
10962                   0.075470  ...                      1
10963                  -0.082201  ...                      1

[10964 rows x 314 columns]
[1 0 1 ... 1 0 0]
      home_pitcher_wpa_def_mean  ...  home_better_team_rest
0                     -0.025950  ...                      1
1                     -0.717005  ...                      1
2                      0.013064  ...                      0
3                     -0.004442  ...                      1
4                     -0.116248  ...                      1
...                         ...  ...                    ...
6180                   0.337976  ...                      1
6181                  -0.255363  ...                      1
6182                   0.231787  ...                      1
6183                   1.863002  ...                      1
6184                  -0.258121  ...                      1

[6185 rows x 314 columns]
training etc
training fold 1
fold 1 took 6.58 seconds
training fold 2
fold 2 took 6.57 seconds
training fold 3
fold 3 took 6.94 seconds
training fold 4
fold 4 took 6.47 seconds
training fold 5
fold 5 took 6.47 seconds
training fold 6
fold 6 took 6.45 seconds
training fold 7
fold 7 took 6.37 seconds
training fold 8
fold 8 took 6.42 seconds
training fold 9
fold 9 took 6.48 seconds
training fold 10
fold 10 took 6.60 seconds
AUC: 0.5531231974480573
etc took 65.39 seconds
training ada
training fold 1
/nfs/undergrad/11/b11902038/Desktop/HTML/.venv/lib/python3.12/site-packages/sklearn/ensemble/_weight_boosting.py:527: FutureWarning: The SAMME.R algorithm (the default) is deprecated and will be removed in 1.6. Use the SAMME algorithm to circumvent this warning.
  warnings.warn(
fold 1 took 31.64 seconds
training fold 2
/nfs/undergrad/11/b11902038/Desktop/HTML/.venv/lib/python3.12/site-packages/sklearn/ensemble/_weight_boosting.py:527: FutureWarning: The SAMME.R algorithm (the default) is deprecated and will be removed in 1.6. Use the SAMME algorithm to circumvent this warning.
  warnings.warn(
fold 2 took 31.50 seconds
training fold 3
/nfs/undergrad/11/b11902038/Desktop/HTML/.venv/lib/python3.12/site-packages/sklearn/ensemble/_weight_boosting.py:527: FutureWarning: The SAMME.R algorithm (the default) is deprecated and will be removed in 1.6. Use the SAMME algorithm to circumvent this warning.
  warnings.warn(
fold 3 took 31.55 seconds
training fold 4
/nfs/undergrad/11/b11902038/Desktop/HTML/.venv/lib/python3.12/site-packages/sklearn/ensemble/_weight_boosting.py:527: FutureWarning: The SAMME.R algorithm (the default) is deprecated and will be removed in 1.6. Use the SAMME algorithm to circumvent this warning.
  warnings.warn(
fold 4 took 31.14 seconds
training fold 5
/nfs/undergrad/11/b11902038/Desktop/HTML/.venv/lib/python3.12/site-packages/sklearn/ensemble/_weight_boosting.py:527: FutureWarning: The SAMME.R algorithm (the default) is deprecated and will be removed in 1.6. Use the SAMME algorithm to circumvent this warning.
  warnings.warn(
fold 5 took 31.62 seconds
training fold 6
/nfs/undergrad/11/b11902038/Desktop/HTML/.venv/lib/python3.12/site-packages/sklearn/ensemble/_weight_boosting.py:527: FutureWarning: The SAMME.R algorithm (the default) is deprecated and will be removed in 1.6. Use the SAMME algorithm to circumvent this warning.
  warnings.warn(
fold 6 took 31.04 seconds
training fold 7
/nfs/undergrad/11/b11902038/Desktop/HTML/.venv/lib/python3.12/site-packages/sklearn/ensemble/_weight_boosting.py:527: FutureWarning: The SAMME.R algorithm (the default) is deprecated and will be removed in 1.6. Use the SAMME algorithm to circumvent this warning.
  warnings.warn(
fold 7 took 31.05 seconds
training fold 8
/nfs/undergrad/11/b11902038/Desktop/HTML/.venv/lib/python3.12/site-packages/sklearn/ensemble/_weight_boosting.py:527: FutureWarning: The SAMME.R algorithm (the default) is deprecated and will be removed in 1.6. Use the SAMME algorithm to circumvent this warning.
  warnings.warn(
fold 8 took 31.35 seconds
training fold 9
/nfs/undergrad/11/b11902038/Desktop/HTML/.venv/lib/python3.12/site-packages/sklearn/ensemble/_weight_boosting.py:527: FutureWarning: The SAMME.R algorithm (the default) is deprecated and will be removed in 1.6. Use the SAMME algorithm to circumvent this warning.
  warnings.warn(
fold 9 took 31.85 seconds
training fold 10
/nfs/undergrad/11/b11902038/Desktop/HTML/.venv/lib/python3.12/site-packages/sklearn/ensemble/_weight_boosting.py:527: FutureWarning: The SAMME.R algorithm (the default) is deprecated and will be removed in 1.6. Use the SAMME algorithm to circumvent this warning.
  warnings.warn(
fold 10 took 31.46 seconds
AUC: 0.5539126458860362
ada took 314.23 seconds
training dtc
training fold 1
fold 1 took 8.13 seconds
training fold 2
fold 2 took 8.90 seconds
training fold 3
fold 3 took 8.87 seconds
training fold 4
fold 4 took 8.53 seconds
training fold 5
fold 5 took 8.01 seconds
training fold 6
fold 6 took 7.94 seconds
training fold 7
fold 7 took 7.91 seconds
training fold 8
fold 8 took 8.23 seconds
training fold 9
fold 9 took 8.17 seconds
training fold 10
fold 10 took 8.37 seconds
AUC: 0.5143605225474905
dtc took 83.06 seconds
training rf
training fold 1
fold 1 took 28.84 seconds
training fold 2
fold 2 took 29.87 seconds
training fold 3
fold 3 took 29.22 seconds
training fold 4
fold 4 took 29.09 seconds
training fold 5
fold 5 took 27.99 seconds
training fold 6
fold 6 took 28.82 seconds
training fold 7
fold 7 took 30.62 seconds
training fold 8
fold 8 took 29.29 seconds
training fold 9
fold 9 took 29.35 seconds
training fold 10
fold 10 took 28.23 seconds
AUC: 0.5574495559367151
rf took 291.34 seconds
training gbc
training fold 1
fold 1 took 172.05 seconds
training fold 2
fold 2 took 173.64 seconds
training fold 3
fold 3 took 172.82 seconds
training fold 4
fold 4 took 174.46 seconds
training fold 5
fold 5 took 175.14 seconds
training fold 6
fold 6 took 172.94 seconds
training fold 7
fold 7 took 174.04 seconds
training fold 8
fold 8 took 176.41 seconds
training fold 9
fold 9 took 176.03 seconds
training fold 10
fold 10 took 177.59 seconds
AUC: 0.5692858376888534
gbc took 1745.14 seconds
training & testing meta model
meta took 0.03 seconds

--- 2500.81 seconds ---

