
--- 1206_1600 ---

Selected features: ['away_pitching_SO_batters_faced_10RA', 'away_pitching_SO_batters_faced_mean', 'home_pitcher_SO_batters_faced_mean', 'home_pitcher_SO_batters_faced_10RA', 'away_pitcher_H_batters_faced_skew', 'away_pitcher_SO_batters_faced_10RA', 'away_pitching_earned_run_avg_mean', 'home_team_wins_mean', 'away_pitching_earned_run_avg_10RA', 'away_pitching_BB_batters_faced_mean', 'away_team_spread_mean', 'home_pitching_earned_run_avg_mean', 'home_pitcher_wpa_def_mean', 'home_pitcher_earned_run_avg_std', 'home_pitcher_H_batters_faced_skew', 'away_pitching_H_batters_faced_10RA', 'home_pitching_H_batters_faced_mean', 'away_pitching_wpa_def_skew', 'home_pitcher_earned_run_avg_skew', 'away_pitcher_H_batters_faced_10RA', 'home_pitching_H_batters_faced_10RA', 'away_batting_leverage_index_avg_10RA', 'away_pitching_SO_batters_faced_std', 'home_pitching_SO_batters_faced_mean', 'away_pitcher_earned_run_avg_std', 'home_pitcher_earned_run_avg_10RA', 'home_pitching_BB_batters_faced_10RA', 'away_pitcher_H_batters_faced_std', 'home_pitcher_leverage_index_avg_std', 'away_pitching_leverage_index_avg_skew', 'away_pitching_earned_run_avg_std', 'away_pitcher_SO_batters_faced_skew', 'away_pitching_H_batters_faced_mean', 'away_pitcher_leverage_index_avg_std', 'away_pitching_earned_run_avg_skew', 'home_pitcher_H_batters_faced_mean', 'home_batting_onbase_perc_10RA', 'home_pitcher_wpa_def_std', 'home_team_spread_mean', 'away_pitcher_SO_batters_faced_std', 'home_pitching_earned_run_avg_skew', 'home_pitcher_BB_batters_faced_std', 'home_pitching_SO_batters_faced_skew', 'home_batting_leverage_index_avg_skew', 'home_pitcher_BB_batters_faced_10RA', 'home_batting_onbase_plus_slugging_mean', 'home_pitcher_earned_run_avg_mean', 'away_batting_onbase_plus_slugging_skew', 'away_team_wins_skew', 'away_pitching_wpa_def_mean', 'home_team_wins_skew', 'away_pitching_BB_batters_faced_10RA', 'away_pitching_H_batters_faced_skew', 'home_pitcher_leverage_index_avg_mean', 'away_batting_batting_avg_10RA', 'home_pitcher_BB_batters_faced_mean', 'away_batting_wpa_bat_skew', 'home_batting_onbase_perc_mean', 'home_pitcher_SO_batters_faced_std', 'away_pitcher_wpa_def_skew', 'home_batting_batting_avg_skew', 'home_batting_wpa_bat_mean', 'home_batting_onbase_perc_skew', 'away_batting_onbase_plus_slugging_10RA', 'home_pitching_wpa_def_std', 'away_batting_onbase_perc_10RA', 'home_team_errors_skew', 'home_batting_RBI_skew', 'home_pitcher_leverage_index_avg_skew', 'home_batting_batting_avg_mean', 'home_pitching_H_batters_faced_skew', 'home_pitcher_wpa_def_skew', 'home_pitching_SO_batters_faced_10RA', 'away_pitcher_BB_batters_faced_mean', 'home_batting_batting_avg_std', 'home_pitcher_BB_batters_faced_skew', 'away_team_spread_skew', 'away_pitcher_SO_batters_faced_mean', 'away_pitcher_leverage_index_avg_mean', 'home_batting_wpa_bat_skew', 'away_team_errors_skew', 'home_batting_onbase_plus_slugging_skew', 'away_batting_RBI_mean', 'home_batting_leverage_index_avg_10RA', 'home_pitching_wpa_def_mean', 'away_batting_RBI_skew', 'away_pitcher_BB_batters_faced_std', 'home_pitcher_SO_batters_faced_skew', 'home_pitching_earned_run_avg_10RA', 'away_batting_onbase_perc_mean', 'home_batting_leverage_index_avg_std', 'away_batting_wpa_bat_mean', 'home_pitcher_H_batters_faced_10RA', 'away_pitcher_H_batters_faced_mean', 'away_pitcher_leverage_index_avg_skew', 'away_pitcher_BB_batters_faced_10RA', 'home_batting_RBI_mean', 'home_batting_wpa_bat_std', 'home_batting_RBI_std', 'home_pitching_earned_run_avg_std', 'away_pitcher_earned_run_avg_mean', 'home_pitcher_H_batters_faced_std', 'away_batting_onbase_plus_slugging_mean', 'away_batting_RBI_std', 'home_batting_onbase_plus_slugging_std', 'away_batting_batting_avg_skew', 'home_team_errors_mean', 'away_pitcher_wpa_def_mean', 'home_pitching_BB_batters_faced_skew', 'away_batting_wpa_bat_std', 'away_batting_onbase_perc_skew', 'away_team_wins_mean', 'home_pitching_BB_batters_faced_std', 'home_batting_onbase_plus_slugging_10RA', 'away_pitching_H_batters_faced_std', 'away_batting_batting_avg_mean', 'away_team_errors_mean', 'home_team_errors_std', 'away_pitcher_earned_run_avg_10RA', 'away_batting_onbase_perc_std', 'away_pitcher_BB_batters_faced_skew', 'away_batting_leverage_index_avg_skew', 'away_pitcher_wpa_def_std', 'home_pitching_H_batters_faced_std', 'away_batting_batting_avg_std', 'home_pitching_SO_batters_faced_std', 'away_pitcher_earned_run_avg_skew', 'home_team_spread_skew', 'away_pitching_leverage_index_avg_mean', 'away_batting_leverage_index_avg_mean', 'away_pitching_BB_batters_faced_std', 'home_pitching_leverage_index_avg_std', 'away_pitching_leverage_index_avg_std', 'away_pitching_BB_batters_faced_skew', 'home_batting_batting_avg_10RA', 'home_team_spread_std', 'away_pitching_wpa_def_std', 'away_batting_onbase_plus_slugging_std', 'home_pitching_leverage_index_avg_skew', 'home_pitching_wpa_def_skew', 'home_pitching_BB_batters_faced_mean', 'away_team_spread_std', 'home_batting_onbase_perc_std', 'away_team_wins_std', 'away_pitching_SO_batters_faced_skew', 'home_batting_leverage_index_avg_mean', 'home_pitching_leverage_index_avg_mean', 'away_team_errors_std', 'away_batting_leverage_index_avg_std', 'home_batting_RBI_10RA', 'home_team_wins_std', 'away_batting_RBI_10RA', 'season', 'away_pitcher_rest', 'home_pitcher_rest', 'home_team_rest', 'away_team_rest', 'is_night_game']
[INFO]	Training first layer models
[LOG]	Training RandomForestClassifier...
Traceback (most recent call last):
  File "/nfs/undergrad/11/b11902038/Desktop/HTML/final/train.py", line 54, in <module>
    rf_model.fit(cat_X_train, y_train)
  File "/usr/lib/python3.12/site-packages/sklearn/base.py", line 1473, in wrapper
    return fit_method(estimator, *args, **kwargs)
           ^^^^^^^^^^^^^^^^^^^^^^^^^^^^^^^^^^^^^^
  File "/usr/lib/python3.12/site-packages/sklearn/ensemble/_forest.py", line 363, in fit
    X, y = self._validate_data(
           ^^^^^^^^^^^^^^^^^^^^
  File "/usr/lib/python3.12/site-packages/sklearn/base.py", line 650, in _validate_data
    X, y = check_X_y(X, y, **check_params)
           ^^^^^^^^^^^^^^^^^^^^^^^^^^^^^^^
  File "/usr/lib/python3.12/site-packages/sklearn/utils/validation.py", line 1301, in check_X_y
    X = check_array(
        ^^^^^^^^^^^^
  File "/usr/lib/python3.12/site-packages/sklearn/utils/validation.py", line 887, in check_array
    dtype_orig = np.result_type(*dtypes_orig)
                 ^^^^^^^^^^^^^^^^^^^^^^^^^^^^
ValueError: at least one array or dtype is required

--- 1206_1601 ---

Selected features: ['away_pitching_SO_batters_faced_10RA', 'home_pitcher_SO_batters_faced_mean', 'home_team_spread_mean', 'away_batting_onbase_perc_mean', 'away_pitcher_SO_batters_faced_10RA', 'away_pitching_earned_run_avg_mean', 'away_pitcher_SO_batters_faced_mean', 'away_pitching_BB_batters_faced_10RA', 'home_pitcher_leverage_index_avg_skew', 'home_pitcher_wpa_def_mean', 'away_pitching_SO_batters_faced_mean', 'home_pitching_earned_run_avg_mean', 'home_pitching_H_batters_faced_skew', 'home_pitcher_SO_batters_faced_10RA', 'away_pitching_earned_run_avg_10RA', 'away_pitcher_wpa_def_mean', 'away_pitcher_H_batters_faced_std', 'away_pitcher_wpa_def_skew', 'away_pitcher_wpa_def_std', 'home_pitching_SO_batters_faced_10RA', 'home_batting_onbase_perc_mean', 'away_pitching_BB_batters_faced_mean', 'home_batting_batting_avg_mean', 'home_pitcher_SO_batters_faced_skew', 'home_pitcher_leverage_index_avg_std', 'home_pitching_BB_batters_faced_10RA', 'away_batting_leverage_index_avg_mean', 'away_pitching_wpa_def_mean', 'away_pitcher_earned_run_avg_10RA', 'home_pitching_earned_run_avg_std', 'away_pitcher_H_batters_faced_skew', 'home_pitching_SO_batters_faced_mean', 'away_pitching_H_batters_faced_mean', 'home_pitching_BB_batters_faced_std', 'away_batting_RBI_mean', 'home_pitcher_H_batters_faced_skew', 'away_pitcher_SO_batters_faced_skew', 'home_pitching_BB_batters_faced_mean', 'home_pitching_H_batters_faced_mean', 'home_pitching_H_batters_faced_std', 'away_pitching_wpa_def_std', 'away_batting_RBI_std', 'home_pitcher_earned_run_avg_10RA', 'home_batting_leverage_index_avg_10RA', 'home_pitching_SO_batters_faced_skew', 'home_team_wins_skew', 'away_pitching_H_batters_faced_10RA', 'home_pitcher_BB_batters_faced_skew', 'away_pitching_SO_batters_faced_std', 'away_batting_batting_avg_mean', 'home_pitcher_H_batters_faced_10RA', 'away_pitcher_BB_batters_faced_skew', 'home_batting_onbase_plus_slugging_mean', 'home_pitcher_leverage_index_avg_mean', 'away_pitching_wpa_def_skew', 'home_batting_onbase_perc_std', 'away_pitcher_BB_batters_faced_std', 'home_batting_wpa_bat_mean', 'away_batting_wpa_bat_skew', 'away_team_spread_mean', 'away_batting_leverage_index_avg_10RA', 'home_pitcher_wpa_def_skew', 'away_pitching_leverage_index_avg_skew', 'home_batting_wpa_bat_skew', 'away_pitcher_SO_batters_faced_std', 'home_pitching_earned_run_avg_10RA', 'home_pitching_wpa_def_mean', 'home_team_wins_mean', 'home_batting_onbase_perc_10RA', 'away_pitcher_H_batters_faced_mean', 'away_pitcher_H_batters_faced_10RA', 'away_batting_leverage_index_avg_skew', 'away_team_wins_mean', 'away_pitching_SO_batters_faced_skew', 'home_pitching_leverage_index_avg_skew', 'home_batting_leverage_index_avg_skew', 'home_pitcher_BB_batters_faced_std', 'away_pitcher_BB_batters_faced_mean', 'away_team_wins_skew', 'away_batting_RBI_skew', 'home_batting_onbase_plus_slugging_std', 'home_pitcher_BB_batters_faced_mean', 'home_pitching_SO_batters_faced_std', 'away_team_errors_skew', 'away_pitching_leverage_index_avg_mean', 'away_pitcher_leverage_index_avg_mean', 'home_pitcher_H_batters_faced_mean', 'home_batting_onbase_plus_slugging_skew', 'home_batting_batting_avg_10RA', 'home_batting_RBI_skew', 'home_batting_wpa_bat_std', 'away_pitching_earned_run_avg_skew', 'away_batting_wpa_bat_mean', 'away_batting_onbase_plus_slugging_mean', 'away_batting_onbase_perc_10RA', 'away_pitcher_earned_run_avg_skew', 'home_pitcher_BB_batters_faced_10RA', 'home_team_spread_skew', 'home_batting_batting_avg_skew', 'away_pitcher_earned_run_avg_std', 'away_batting_onbase_perc_std', 'home_pitching_H_batters_faced_10RA', 'home_pitcher_wpa_def_std', 'home_pitching_BB_batters_faced_skew', 'away_batting_batting_avg_skew', 'home_pitcher_earned_run_avg_std', 'away_batting_onbase_plus_slugging_10RA', 'home_pitcher_H_batters_faced_std', 'home_team_errors_skew', 'home_pitching_leverage_index_avg_std', 'away_batting_leverage_index_avg_std', 'away_pitching_BB_batters_faced_skew', 'away_pitching_H_batters_faced_skew', 'home_pitcher_SO_batters_faced_std', 'home_batting_RBI_mean', 'away_batting_onbase_perc_skew', 'away_pitcher_leverage_index_avg_std', 'away_pitching_BB_batters_faced_std', 'away_pitcher_leverage_index_avg_skew', 'home_pitching_wpa_def_skew', 'home_pitching_earned_run_avg_skew', 'home_pitcher_earned_run_avg_skew', 'away_pitcher_BB_batters_faced_10RA', 'home_pitching_wpa_def_std', 'away_batting_batting_avg_10RA', 'home_batting_onbase_plus_slugging_10RA', 'home_batting_leverage_index_avg_mean', 'away_pitching_leverage_index_avg_std', 'home_batting_onbase_perc_skew', 'home_batting_RBI_std', 'away_team_errors_mean', 'away_pitcher_earned_run_avg_mean', 'home_batting_batting_avg_std', 'home_pitching_leverage_index_avg_mean', 'home_team_spread_std', 'home_team_errors_std', 'away_pitching_earned_run_avg_std', 'home_pitcher_earned_run_avg_mean', 'away_batting_onbase_plus_slugging_skew', 'away_team_errors_std', 'away_batting_wpa_bat_std', 'away_team_spread_std', 'away_pitching_H_batters_faced_std', 'away_batting_onbase_plus_slugging_std', 'away_team_spread_skew', 'away_batting_batting_avg_std', 'home_batting_leverage_index_avg_std', 'away_team_wins_std', 'home_batting_RBI_10RA', 'home_team_wins_std', 'home_team_errors_mean', 'away_batting_RBI_10RA', 'away_pitcher_rest', 'season', 'home_pitcher_rest', 'home_team_rest', 'away_team_rest', 'is_night_game']
Traceback (most recent call last):
  File "/nfs/undergrad/11/b11902038/Desktop/HTML/final/train.py", line 38, in <module>
    print(X.dtype)
          ^^^^^^^
  File "/usr/lib/python3.12/site-packages/pandas/core/generic.py", line 6299, in __getattr__
    return object.__getattribute__(self, name)
           ^^^^^^^^^^^^^^^^^^^^^^^^^^^^^^^^^^^
AttributeError: 'DataFrame' object has no attribute 'dtype'. Did you mean: 'dtypes'?

--- 1206_1601 ---

Selected features: ['home_pitcher_SO_batters_faced_mean', 'home_batting_onbase_plus_slugging_mean', 'home_pitcher_wpa_def_mean', 'home_pitching_earned_run_avg_10RA', 'away_pitcher_SO_batters_faced_mean', 'away_pitching_wpa_def_mean', 'away_pitching_H_batters_faced_10RA', 'away_pitching_SO_batters_faced_10RA', 'away_pitching_SO_batters_faced_mean', 'away_pitcher_SO_batters_faced_10RA', 'home_pitching_SO_batters_faced_mean', 'home_batting_leverage_index_avg_10RA', 'home_pitcher_wpa_def_skew', 'home_pitcher_earned_run_avg_skew', 'away_pitching_earned_run_avg_10RA', 'away_batting_onbase_plus_slugging_mean', 'home_batting_wpa_bat_mean', 'home_pitching_SO_batters_faced_10RA', 'away_pitching_BB_batters_faced_mean', 'home_batting_wpa_bat_skew', 'away_pitching_BB_batters_faced_10RA', 'home_pitching_wpa_def_mean', 'away_pitcher_BB_batters_faced_mean', 'home_team_spread_mean', 'away_pitcher_H_batters_faced_skew', 'home_pitcher_H_batters_faced_skew', 'home_pitcher_earned_run_avg_mean', 'away_pitcher_H_batters_faced_std', 'away_team_spread_std', 'away_pitching_wpa_def_skew', 'away_pitcher_SO_batters_faced_skew', 'home_pitcher_H_batters_faced_10RA', 'away_pitcher_leverage_index_avg_skew', 'away_pitcher_BB_batters_faced_10RA', 'away_pitching_H_batters_faced_mean', 'home_pitcher_SO_batters_faced_10RA', 'home_batting_batting_avg_skew', 'away_pitcher_leverage_index_avg_mean', 'home_batting_onbase_perc_mean', 'home_pitching_H_batters_faced_mean', 'home_pitching_BB_batters_faced_10RA', 'away_batting_leverage_index_avg_10RA', 'home_batting_onbase_plus_slugging_10RA', 'home_batting_RBI_skew', 'home_team_wins_mean', 'away_pitching_earned_run_avg_mean', 'home_pitcher_H_batters_faced_std', 'away_team_wins_mean', 'home_batting_wpa_bat_std', 'home_pitcher_BB_batters_faced_std', 'home_batting_batting_avg_mean', 'home_pitcher_earned_run_avg_10RA', 'away_pitching_earned_run_avg_std', 'away_team_wins_skew', 'away_pitching_earned_run_avg_skew', 'away_pitcher_H_batters_faced_mean', 'away_pitching_SO_batters_faced_skew', 'home_pitcher_BB_batters_faced_10RA', 'home_pitcher_BB_batters_faced_mean', 'away_batting_onbase_perc_mean', 'home_team_errors_std', 'home_pitching_earned_run_avg_mean', 'home_pitching_wpa_def_skew', 'home_pitching_H_batters_faced_skew', 'home_pitcher_leverage_index_avg_mean', 'away_team_errors_mean', 'away_batting_wpa_bat_mean', 'away_batting_wpa_bat_skew', 'home_batting_onbase_perc_10RA', 'home_pitching_earned_run_avg_skew', 'home_pitching_BB_batters_faced_std', 'home_pitching_SO_batters_faced_skew', 'away_pitcher_BB_batters_faced_skew', 'away_team_spread_mean', 'away_pitching_BB_batters_faced_std', 'home_pitching_wpa_def_std', 'home_pitching_BB_batters_faced_mean', 'away_batting_batting_avg_std', 'away_batting_onbase_perc_10RA', 'away_batting_batting_avg_10RA', 'away_batting_batting_avg_skew', 'home_pitching_earned_run_avg_std', 'home_batting_onbase_plus_slugging_std', 'away_pitcher_SO_batters_faced_std', 'home_batting_onbase_plus_slugging_skew', 'home_pitching_SO_batters_faced_std', 'home_pitching_H_batters_faced_10RA', 'home_pitcher_wpa_def_std', 'home_pitching_H_batters_faced_std', 'away_pitcher_wpa_def_std', 'home_batting_leverage_index_avg_skew', 'home_pitcher_leverage_index_avg_skew', 'home_pitcher_SO_batters_faced_skew', 'away_batting_RBI_std', 'away_team_errors_skew', 'away_pitcher_wpa_def_skew', 'away_pitcher_leverage_index_avg_std', 'away_batting_onbase_plus_slugging_10RA', 'away_pitcher_H_batters_faced_10RA', 'home_batting_leverage_index_avg_mean', 'home_batting_onbase_perc_skew', 'away_batting_leverage_index_avg_std', 'home_pitcher_earned_run_avg_std', 'away_team_errors_std', 'away_pitching_leverage_index_avg_std', 'away_team_spread_skew', 'away_pitcher_earned_run_avg_std', 'home_pitching_leverage_index_avg_skew', 'away_batting_batting_avg_mean', 'away_pitcher_earned_run_avg_skew', 'home_batting_RBI_std', 'away_pitching_wpa_def_std', 'away_pitching_leverage_index_avg_mean', 'away_pitching_SO_batters_faced_std', 'home_pitcher_SO_batters_faced_std', 'home_pitching_BB_batters_faced_skew', 'home_batting_batting_avg_std', 'away_batting_leverage_index_avg_skew', 'home_team_wins_skew', 'away_batting_RBI_mean', 'home_pitcher_BB_batters_faced_skew', 'home_batting_batting_avg_10RA', 'away_batting_onbase_perc_skew', 'away_batting_leverage_index_avg_mean', 'away_pitcher_wpa_def_mean', 'away_pitcher_earned_run_avg_mean', 'home_pitching_leverage_index_avg_std', 'home_batting_leverage_index_avg_std', 'away_batting_onbase_plus_slugging_skew', 'home_team_spread_skew', 'away_batting_RBI_skew', 'home_pitching_leverage_index_avg_mean', 'home_pitcher_leverage_index_avg_std', 'home_team_errors_mean', 'away_batting_wpa_bat_std', 'away_pitcher_earned_run_avg_10RA', 'away_batting_onbase_perc_std', 'home_pitcher_H_batters_faced_mean', 'away_pitching_H_batters_faced_std', 'home_team_errors_skew', 'away_batting_onbase_plus_slugging_std', 'away_pitcher_BB_batters_faced_std', 'home_batting_onbase_perc_std', 'away_pitching_H_batters_faced_skew', 'home_batting_RBI_mean', 'away_pitching_BB_batters_faced_skew', 'away_pitching_leverage_index_avg_skew', 'away_batting_RBI_10RA', 'home_team_wins_std', 'away_team_wins_std', 'home_team_spread_std', 'home_batting_RBI_10RA', 'season', 'home_pitcher_rest', 'away_pitcher_rest', 'home_team_rest', 'away_team_rest', 'is_night_game']
home_pitcher_SO_batters_faced_mean        float64
home_batting_onbase_plus_slugging_mean    float64
home_pitcher_wpa_def_mean                 float64
home_pitching_earned_run_avg_10RA         float64
away_pitcher_SO_batters_faced_mean        float64
                                           ...   
home_pitcher_rest                         float64
away_pitcher_rest                         float64
home_team_rest                            float64
away_team_rest                            float64
is_night_game                                bool
Length: 158, dtype: object

--- 1206_1604 ---

Selected features: ['away_pitching_SO_batters_faced_10RA', 'away_pitching_SO_batters_faced_mean', 'away_pitching_wpa_def_skew', 'away_pitching_BB_batters_faced_10RA', 'home_team_wins_skew', 'away_team_spread_mean', 'home_pitcher_BB_batters_faced_10RA', 'home_pitching_H_batters_faced_mean', 'away_pitching_earned_run_avg_10RA', 'home_pitcher_SO_batters_faced_mean', 'away_pitcher_SO_batters_faced_10RA', 'home_pitcher_H_batters_faced_skew', 'home_team_spread_mean', 'home_pitcher_wpa_def_mean', 'away_pitcher_leverage_index_avg_mean', 'away_pitcher_SO_batters_faced_mean', 'home_pitching_earned_run_avg_std', 'home_batting_leverage_index_avg_10RA', 'away_pitcher_H_batters_faced_skew', 'home_pitcher_leverage_index_avg_skew', 'home_pitching_BB_batters_faced_skew', 'home_pitching_SO_batters_faced_mean', 'away_batting_onbase_perc_10RA', 'home_pitcher_wpa_def_std', 'away_pitcher_earned_run_avg_skew', 'away_team_wins_skew', 'home_pitcher_earned_run_avg_skew', 'home_pitcher_H_batters_faced_10RA', 'away_team_wins_mean', 'home_pitcher_BB_batters_faced_mean', 'away_batting_onbase_plus_slugging_std', 'home_pitching_earned_run_avg_mean', 'away_pitcher_wpa_def_skew', 'home_pitcher_SO_batters_faced_skew', 'home_pitcher_wpa_def_skew', 'home_pitching_wpa_def_mean', 'home_batting_wpa_bat_skew', 'home_pitcher_SO_batters_faced_10RA', 'away_pitcher_BB_batters_faced_10RA', 'home_pitching_BB_batters_faced_10RA', 'home_batting_wpa_bat_std', 'home_pitching_wpa_def_skew', 'away_pitcher_H_batters_faced_std', 'away_pitcher_earned_run_avg_10RA', 'away_pitcher_wpa_def_std', 'home_pitcher_SO_batters_faced_std', 'away_team_errors_skew', 'home_batting_onbase_plus_slugging_std', 'away_pitching_earned_run_avg_std', 'home_pitcher_earned_run_avg_std', 'home_batting_batting_avg_skew', 'home_batting_leverage_index_avg_mean', 'away_pitching_SO_batters_faced_skew', 'away_pitcher_BB_batters_faced_skew', 'away_batting_leverage_index_avg_std', 'home_batting_RBI_mean', 'away_pitching_H_batters_faced_10RA', 'home_pitching_wpa_def_std', 'away_batting_batting_avg_std', 'away_pitching_wpa_def_mean', 'home_batting_onbase_plus_slugging_skew', 'away_pitcher_wpa_def_mean', 'away_pitcher_earned_run_avg_mean', 'home_pitching_H_batters_faced_skew', 'home_pitcher_H_batters_faced_mean', 'home_batting_RBI_skew', 'home_pitcher_BB_batters_faced_std', 'home_pitching_leverage_index_avg_mean', 'home_batting_onbase_perc_10RA', 'away_pitching_earned_run_avg_mean', 'home_batting_batting_avg_10RA', 'away_team_errors_mean', 'home_pitcher_leverage_index_avg_std', 'home_batting_RBI_std', 'away_pitching_BB_batters_faced_mean', 'away_pitcher_SO_batters_faced_skew', 'away_batting_wpa_bat_mean', 'away_batting_wpa_bat_skew', 'home_batting_wpa_bat_mean', 'home_batting_onbase_perc_mean', 'home_pitcher_BB_batters_faced_skew', 'home_batting_leverage_index_avg_std', 'home_team_spread_skew', 'away_batting_onbase_plus_slugging_mean', 'home_pitching_SO_batters_faced_skew', 'home_pitching_leverage_index_avg_std', 'home_pitcher_earned_run_avg_mean', 'away_pitcher_BB_batters_faced_mean', 'home_pitching_BB_batters_faced_mean', 'away_batting_batting_avg_10RA', 'home_batting_onbase_plus_slugging_mean', 'home_batting_batting_avg_std', 'away_pitcher_SO_batters_faced_std', 'away_pitching_BB_batters_faced_skew', 'away_batting_wpa_bat_std', 'away_pitching_H_batters_faced_mean', 'home_team_wins_mean', 'away_batting_RBI_mean', 'home_pitcher_H_batters_faced_std', 'away_batting_leverage_index_avg_10RA', 'away_batting_RBI_skew', 'home_pitching_earned_run_avg_skew', 'away_pitching_wpa_def_std', 'away_pitcher_H_batters_faced_10RA', 'away_pitcher_H_batters_faced_mean', 'away_batting_batting_avg_skew', 'away_pitching_leverage_index_avg_mean', 'home_pitcher_earned_run_avg_10RA', 'home_batting_onbase_plus_slugging_10RA', 'home_pitching_H_batters_faced_10RA', 'home_batting_onbase_perc_std', 'away_pitcher_BB_batters_faced_std', 'home_pitching_SO_batters_faced_10RA', 'away_pitcher_leverage_index_avg_std', 'home_batting_onbase_perc_skew', 'home_pitching_leverage_index_avg_skew', 'away_pitcher_leverage_index_avg_skew', 'home_pitching_H_batters_faced_std', 'away_team_spread_skew', 'away_pitching_BB_batters_faced_std', 'away_batting_batting_avg_mean', 'home_pitcher_leverage_index_avg_mean', 'home_batting_batting_avg_mean', 'away_batting_onbase_perc_mean', 'away_pitching_H_batters_faced_skew', 'home_pitching_earned_run_avg_10RA', 'away_batting_onbase_plus_slugging_10RA', 'away_team_errors_std', 'away_pitching_leverage_index_avg_skew', 'away_team_wins_std', 'home_team_spread_std', 'away_team_spread_std', 'home_team_wins_std', 'away_pitching_SO_batters_faced_std', 'home_batting_leverage_index_avg_skew', 'away_batting_leverage_index_avg_skew', 'home_team_errors_skew', 'away_pitcher_earned_run_avg_std', 'home_team_errors_std', 'away_batting_onbase_plus_slugging_skew', 'away_batting_leverage_index_avg_mean', 'home_team_errors_mean', 'home_pitching_SO_batters_faced_std', 'away_batting_RBI_std', 'away_pitching_leverage_index_avg_std', 'away_batting_RBI_10RA', 'home_pitching_BB_batters_faced_std', 'away_batting_onbase_perc_std', 'away_pitching_H_batters_faced_std', 'away_pitching_earned_run_avg_skew', 'away_batting_onbase_perc_skew', 'home_batting_RBI_10RA', 'away_pitcher_rest', 'home_pitcher_rest', 'season', 'away_team_rest', 'home_team_rest', 'is_night_game']
[INFO]	Training first layer models
[LOG]	Training RandomForestClassifier...
[LOG]	RandomForestClassifier training time: 16.113131523132324
[LOG]	Training SVC...
[LOG]	SVC training time: 139.73577237129211
[LOG]	Training LogisticRegression...
/usr/lib/python3.12/site-packages/sklearn/linear_model/_logistic.py:469: ConvergenceWarning: lbfgs failed to converge (status=1):
STOP: TOTAL NO. of ITERATIONS REACHED LIMIT.

Increase the number of iterations (max_iter) or scale the data as shown in:
    https://scikit-learn.org/stable/modules/preprocessing.html
Please also refer to the documentation for alternative solver options:
    https://scikit-learn.org/stable/modules/linear_model.html#logistic-regression
  n_iter_i = _check_optimize_result(
[LOG]	LogisticRegression training time: 0.4560210704803467
[INFO]	Training second layer model
[INFO]	Testing the model
[LOG]	Total time: 195.73847103118896
python: can't open file '/nfs/undergrad/11/b11902038/Desktop/HTML/final/train.py': [Errno 2] No such file or directory

--- 1206_1615 ---

Selected features: ['away_pitching_SO_batters_faced_mean', 'away_pitcher_H_batters_faced_std', 'away_pitching_wpa_def_mean', 'away_pitching_SO_batters_faced_10RA', 'home_pitcher_wpa_def_mean', 'home_team_wins_skew', 'home_batting_onbase_plus_slugging_skew', 'away_pitcher_BB_batters_faced_mean', 'home_pitching_BB_batters_faced_10RA', 'home_pitcher_SO_batters_faced_mean', 'home_pitcher_H_batters_faced_10RA', 'home_pitching_SO_batters_faced_skew', 'away_pitching_earned_run_avg_10RA', 'away_team_wins_skew', 'away_batting_onbase_perc_mean', 'home_pitcher_SO_batters_faced_10RA', 'home_pitcher_SO_batters_faced_skew', 'home_pitching_SO_batters_faced_std', 'home_pitcher_leverage_index_avg_mean', 'away_pitcher_BB_batters_faced_10RA', 'home_pitcher_leverage_index_avg_skew', 'away_pitcher_SO_batters_faced_10RA', 'away_pitching_H_batters_faced_10RA', 'away_pitching_wpa_def_skew', 'home_pitching_H_batters_faced_mean', 'home_pitcher_wpa_def_std', 'home_batting_onbase_perc_mean', 'home_batting_wpa_bat_skew', 'away_pitcher_leverage_index_avg_mean', 'away_team_spread_mean', 'away_batting_batting_avg_10RA', 'home_pitcher_wpa_def_skew', 'away_pitching_earned_run_avg_mean', 'home_pitcher_earned_run_avg_skew', 'home_pitcher_BB_batters_faced_skew', 'away_pitcher_SO_batters_faced_mean', 'home_pitching_earned_run_avg_std', 'away_pitcher_H_batters_faced_skew', 'home_pitching_SO_batters_faced_10RA', 'home_pitcher_H_batters_faced_mean', 'home_batting_batting_avg_mean', 'home_pitcher_H_batters_faced_std', 'home_pitcher_earned_run_avg_mean', 'home_batting_onbase_plus_slugging_mean', 'home_team_errors_skew', 'home_team_spread_skew', 'away_pitcher_earned_run_avg_skew', 'away_pitcher_BB_batters_faced_std', 'home_pitcher_BB_batters_faced_10RA', 'away_batting_onbase_plus_slugging_mean', 'away_pitcher_earned_run_avg_10RA', 'away_batting_onbase_perc_std', 'home_batting_leverage_index_avg_skew', 'home_pitching_earned_run_avg_mean', 'home_pitcher_leverage_index_avg_std', 'home_batting_onbase_plus_slugging_10RA', 'home_pitching_H_batters_faced_10RA', 'away_pitcher_SO_batters_faced_skew', 'away_batting_onbase_plus_slugging_skew', 'home_pitching_BB_batters_faced_mean', 'away_pitching_BB_batters_faced_std', 'away_pitcher_H_batters_faced_10RA', 'home_pitching_wpa_def_skew', 'home_batting_batting_avg_10RA', 'away_batting_wpa_bat_skew', 'home_pitcher_H_batters_faced_skew', 'home_team_spread_mean', 'away_pitcher_wpa_def_mean', 'away_pitcher_leverage_index_avg_skew', 'home_pitcher_earned_run_avg_10RA', 'away_pitcher_earned_run_avg_mean', 'home_team_wins_mean', 'away_pitching_H_batters_faced_mean', 'away_team_errors_skew', 'away_pitching_leverage_index_avg_skew', 'home_batting_leverage_index_avg_mean', 'home_pitcher_SO_batters_faced_std', 'away_pitching_BB_batters_faced_mean', 'away_pitcher_SO_batters_faced_std', 'home_batting_wpa_bat_mean', 'home_batting_leverage_index_avg_10RA', 'home_pitching_H_batters_faced_std', 'away_batting_onbase_perc_10RA', 'away_pitching_BB_batters_faced_10RA', 'home_batting_onbase_perc_10RA', 'away_pitcher_wpa_def_skew', 'away_pitcher_wpa_def_std', 'home_pitching_wpa_def_mean', 'away_team_spread_std', 'away_batting_batting_avg_mean', 'away_pitching_H_batters_faced_skew', 'away_batting_onbase_perc_skew', 'home_pitching_earned_run_avg_10RA', 'home_batting_wpa_bat_std', 'home_batting_RBI_skew', 'away_pitching_SO_batters_faced_std', 'away_pitching_wpa_def_std', 'home_pitching_BB_batters_faced_skew', 'away_batting_onbase_plus_slugging_std', 'home_pitcher_earned_run_avg_std', 'away_team_wins_mean', 'away_pitcher_earned_run_avg_std', 'away_batting_batting_avg_std', 'away_pitching_earned_run_avg_std', 'away_batting_leverage_index_avg_10RA', 'home_batting_RBI_mean', 'away_batting_RBI_skew', 'away_pitcher_BB_batters_faced_skew', 'away_pitching_earned_run_avg_skew', 'away_pitcher_H_batters_faced_mean', 'away_batting_wpa_bat_std', 'home_team_errors_std', 'home_pitcher_BB_batters_faced_std', 'home_batting_onbase_perc_std', 'home_pitching_leverage_index_avg_std', 'away_pitching_SO_batters_faced_skew', 'away_pitching_H_batters_faced_std', 'away_pitching_leverage_index_avg_std', 'away_batting_wpa_bat_mean', 'away_team_errors_mean', 'home_batting_onbase_plus_slugging_std', 'home_pitching_earned_run_avg_skew', 'home_pitching_wpa_def_std', 'home_pitching_BB_batters_faced_std', 'away_batting_onbase_plus_slugging_10RA', 'home_pitching_H_batters_faced_skew', 'away_batting_leverage_index_avg_skew', 'away_batting_RBI_mean', 'away_pitching_leverage_index_avg_mean', 'home_batting_leverage_index_avg_std', 'away_pitcher_leverage_index_avg_std', 'away_team_spread_skew', 'away_batting_batting_avg_skew', 'home_pitching_SO_batters_faced_mean', 'away_team_wins_std', 'home_pitching_leverage_index_avg_mean', 'away_batting_RBI_std', 'home_pitcher_BB_batters_faced_mean', 'away_batting_leverage_index_avg_mean', 'away_team_errors_std', 'home_batting_RBI_std', 'home_batting_batting_avg_skew', 'home_pitching_leverage_index_avg_skew', 'away_pitching_BB_batters_faced_skew', 'home_team_wins_std', 'away_batting_leverage_index_avg_std', 'home_team_spread_std', 'home_team_errors_mean', 'home_batting_onbase_perc_skew', 'home_batting_batting_avg_std', 'home_batting_RBI_10RA', 'away_batting_RBI_10RA', 'season', 'home_pitcher_rest', 'away_pitcher_rest', 'away_team_rest', 'home_team_rest', 'is_night_game']
[LOG]	Training RandomForestClassifier...
[LOG]	RandomForestClassifier training time: 20.585933923721313
Traceback (most recent call last):
  File "/nfs/undergrad/11/b11902038/Desktop/HTML/final/unimportant-rf.py", line 49, in <module>
    result = pd.DataFrame({"id": range(0, len(final_y_pred)), "home_team_win": final_y_pred})
                                              ^^^^^^^^^^^^
NameError: name 'final_y_pred' is not defined

--- 1206_1616 ---

Selected features: ['away_pitching_SO_batters_faced_mean', 'away_pitching_earned_run_avg_10RA', 'home_batting_wpa_bat_mean', 'away_team_spread_mean', 'home_pitcher_SO_batters_faced_mean', 'away_pitching_earned_run_avg_mean', 'away_pitcher_leverage_index_avg_mean', 'away_pitcher_SO_batters_faced_mean', 'home_pitching_SO_batters_faced_mean', 'home_pitcher_wpa_def_mean', 'away_pitcher_SO_batters_faced_10RA', 'home_pitching_wpa_def_mean', 'home_team_spread_mean', 'away_pitcher_BB_batters_faced_10RA', 'away_pitcher_H_batters_faced_10RA', 'away_pitching_wpa_def_skew', 'away_pitching_BB_batters_faced_mean', 'away_pitching_BB_batters_faced_10RA', 'away_pitching_wpa_def_mean', 'home_pitcher_BB_batters_faced_10RA', 'home_pitcher_SO_batters_faced_skew', 'home_pitching_H_batters_faced_skew', 'home_pitcher_wpa_def_skew', 'away_pitcher_earned_run_avg_std', 'away_pitcher_leverage_index_avg_std', 'away_pitcher_H_batters_faced_skew', 'away_team_wins_mean', 'home_batting_RBI_mean', 'home_pitching_SO_batters_faced_10RA', 'away_pitching_SO_batters_faced_10RA', 'home_team_wins_mean', 'away_pitcher_wpa_def_skew', 'home_pitching_BB_batters_faced_10RA', 'away_batting_onbase_perc_10RA', 'away_team_wins_skew', 'home_pitcher_SO_batters_faced_10RA', 'home_pitching_earned_run_avg_mean', 'home_pitcher_leverage_index_avg_std', 'home_pitcher_SO_batters_faced_std', 'home_pitcher_H_batters_faced_10RA', 'away_batting_onbase_perc_skew', 'away_pitching_wpa_def_std', 'away_pitcher_BB_batters_faced_skew', 'away_pitching_earned_run_avg_std', 'home_pitching_H_batters_faced_std', 'home_batting_batting_avg_skew', 'away_pitching_H_batters_faced_10RA', 'home_batting_wpa_bat_std', 'home_pitcher_earned_run_avg_skew', 'home_pitcher_wpa_def_std', 'away_batting_onbase_plus_slugging_mean', 'home_pitcher_H_batters_faced_skew', 'home_pitching_H_batters_faced_mean', 'home_pitcher_BB_batters_faced_std', 'away_batting_onbase_perc_mean', 'away_team_errors_skew', 'home_pitcher_earned_run_avg_mean', 'home_pitching_SO_batters_faced_skew', 'away_pitcher_H_batters_faced_mean', 'away_pitching_SO_batters_faced_skew', 'home_batting_onbase_perc_10RA', 'away_batting_RBI_mean', 'away_pitcher_wpa_def_std', 'away_team_spread_skew', 'home_batting_onbase_plus_slugging_mean', 'away_pitching_leverage_index_avg_skew', 'away_pitcher_wpa_def_mean', 'away_pitcher_SO_batters_faced_skew', 'home_pitching_H_batters_faced_10RA', 'away_batting_RBI_skew', 'away_pitching_BB_batters_faced_std', 'away_team_errors_std', 'home_batting_onbase_plus_slugging_10RA', 'home_pitcher_BB_batters_faced_mean', 'away_batting_onbase_perc_std', 'away_pitcher_BB_batters_faced_mean', 'home_pitcher_H_batters_faced_std', 'home_team_wins_skew', 'away_batting_leverage_index_avg_std', 'home_pitcher_H_batters_faced_mean', 'home_batting_wpa_bat_skew', 'home_pitcher_earned_run_avg_std', 'home_batting_leverage_index_avg_10RA', 'away_batting_leverage_index_avg_mean', 'away_pitcher_H_batters_faced_std', 'home_batting_leverage_index_avg_skew', 'away_team_errors_mean', 'away_pitching_H_batters_faced_mean', 'away_pitching_BB_batters_faced_skew', 'away_team_spread_std', 'home_pitching_earned_run_avg_10RA', 'home_pitching_leverage_index_avg_skew', 'home_pitcher_leverage_index_avg_mean', 'home_pitcher_BB_batters_faced_skew', 'home_pitching_wpa_def_std', 'away_batting_leverage_index_avg_skew', 'home_batting_onbase_plus_slugging_skew', 'home_batting_batting_avg_mean', 'away_batting_batting_avg_10RA', 'away_batting_wpa_bat_skew', 'home_pitching_earned_run_avg_skew', 'away_batting_onbase_plus_slugging_10RA', 'home_pitching_earned_run_avg_std', 'away_batting_wpa_bat_std', 'home_batting_leverage_index_avg_std', 'away_pitcher_earned_run_avg_mean', 'away_pitcher_earned_run_avg_10RA', 'home_pitching_BB_batters_faced_std', 'away_batting_RBI_std', 'away_pitcher_BB_batters_faced_std', 'home_pitching_BB_batters_faced_mean', 'away_pitcher_SO_batters_faced_std', 'home_team_errors_skew', 'home_batting_RBI_std', 'home_batting_onbase_perc_mean', 'home_pitching_SO_batters_faced_std', 'away_batting_batting_avg_skew', 'away_pitcher_earned_run_avg_skew', 'home_batting_leverage_index_avg_mean', 'away_batting_onbase_plus_slugging_std', 'away_batting_onbase_plus_slugging_skew', 'home_team_errors_std', 'home_pitching_leverage_index_avg_std', 'home_batting_batting_avg_10RA', 'home_team_wins_std', 'away_pitching_leverage_index_avg_std', 'away_pitching_earned_run_avg_skew', 'home_batting_onbase_plus_slugging_std', 'home_batting_batting_avg_std', 'home_team_spread_std', 'away_batting_leverage_index_avg_10RA', 'away_pitching_SO_batters_faced_std', 'away_batting_batting_avg_std', 'away_pitcher_leverage_index_avg_skew', 'home_team_spread_skew', 'home_batting_onbase_perc_std', 'home_pitcher_leverage_index_avg_skew', 'home_batting_RBI_skew', 'away_batting_wpa_bat_mean', 'away_pitching_H_batters_faced_std', 'home_pitching_wpa_def_skew', 'home_pitcher_earned_run_avg_10RA', 'home_pitching_leverage_index_avg_mean', 'away_batting_batting_avg_mean', 'home_batting_onbase_perc_skew', 'away_team_wins_std', 'home_pitching_BB_batters_faced_skew', 'away_pitching_leverage_index_avg_mean', 'home_batting_RBI_10RA', 'home_team_errors_mean', 'away_pitching_H_batters_faced_skew', 'away_batting_RBI_10RA', 'season', 'home_pitcher_rest', 'away_pitcher_rest', 'home_team_rest', 'away_team_rest', 'is_night_game']
[LOG]	Training RandomForestClassifier...
[LOG]	RandomForestClassifier training time: 21.40964150428772

--- 1206_1651 ---

[INFO]	Training first layer models
[LOG]	Training RandomForestClassifier...
[LOG]	RandomForestClassifier training time: 9.647224187850952
[LOG]	Training SVC...
[LOG]	SVC training time: 1688.5746538639069
[LOG]	Training LogisticRegression...
/usr/lib/python3.12/site-packages/sklearn/linear_model/_logistic.py:469: ConvergenceWarning: lbfgs failed to converge (status=1):
STOP: TOTAL NO. of ITERATIONS REACHED LIMIT.

Increase the number of iterations (max_iter) or scale the data as shown in:
    https://scikit-learn.org/stable/modules/preprocessing.html
Please also refer to the documentation for alternative solver options:
    https://scikit-learn.org/stable/modules/linear_model.html#logistic-regression
  n_iter_i = _check_optimize_result(
[LOG]	LogisticRegression training time: 6.753670692443848
[INFO]	Training second layer model
[INFO]	Testing the model
[LOG]	Total time: 2012.9814219474792
Traceback (most recent call last):
  File "/nfs/undergrad/11/b11902038/Desktop/HTML/final/blending.py", line 24, in <module>
    print(f"\n--- {TIME_STR} ---\n")
                   ^^^^^^^^
NameError: name 'TIME_STR' is not defined

--- 1206_2217 ---

       away_batting_RBI_10RA  away_batting_RBI_mean  ...  is_night_game  season
0                  -0.285735              -1.014672  ...      -1.314292    2021
1                  -0.112603               0.365064  ...       0.760866    2019
2                  -0.199169               1.117203  ...       0.760866    2019
3                   1.185885               0.697757  ...       0.760866    2018
4                   1.099319               0.643947  ...       0.760866    2016
...                      ...                    ...  ...            ...     ...
10959               0.147095               0.947672  ...       0.760866    2016
10960              -0.199169               0.254396  ...      -1.314292    2023
10961               1.359017               0.873724  ...       0.760866    2022
10962               1.185885               0.962670  ...       0.760866    2021
10963              -0.112603              -0.090503  ...       0.760866    2023

[10964 rows x 1981 columns]
       home_team_win
0                  1
1                  0
2                  1
3                  1
4                  0
...              ...
10959              1
10960              0
10961              1
10962              0
10963              0

[10964 rows x 1 columns]
      away_batting_RBI_10RA  away_batting_RBI_mean  ...  is_night_game  season
0                  1.238306              -0.657693  ...      -1.510353  2017.0
1                  1.238306               2.001295  ...       0.662097  2023.0
2                  0.149099              -1.420094  ...       0.662097  2016.0
3                 -0.541195              -0.770350  ...      -1.510353  2019.0
4                 -0.072905               0.431885  ...      -1.510353  2016.0
...                     ...                    ...  ...            ...     ...
6180              -1.384116              -2.823398  ...       0.662097  2022.0
6181               0.101031              -0.554564  ...      -1.510353  2018.0
6182               0.770016               1.009663  ...       0.662097  2017.0
6183               0.114411               0.991100  ...      -1.510353  2018.0
6184              -0.166563               0.350742  ...       0.662097  2022.0

[6185 rows x 1981 columns]
/nfs/undergrad/11/b11902038/Desktop/HTML/.venv/lib/python3.12/site-packages/sklearn/base.py:1473: DataConversionWarning: A column-vector y was passed when a 1d array was expected. Please change the shape of y to (n_samples,), for example using ravel().
  return fit_method(estimator, *args, **kwargs)
etc score: 0.5405549728631838
/nfs/undergrad/11/b11902038/Desktop/HTML/.venv/lib/python3.12/site-packages/sklearn/utils/validation.py:1339: DataConversionWarning: A column-vector y was passed when a 1d array was expected. Please change the shape of y to (n_samples, ), for example using ravel().
  y = column_or_1d(y, warn=True)
/nfs/undergrad/11/b11902038/Desktop/HTML/.venv/lib/python3.12/site-packages/sklearn/ensemble/_weight_boosting.py:527: FutureWarning: The SAMME.R algorithm (the default) is deprecated and will be removed in 1.6. Use the SAMME algorithm to circumvent this warning.
  warnings.warn(
ada score: 0.5429028069123965
dtc score: 0.5103223953650984
/nfs/undergrad/11/b11902038/Desktop/HTML/.venv/lib/python3.12/site-packages/sklearn/base.py:1473: DataConversionWarning: A column-vector y was passed when a 1d array was expected. Please change the shape of y to (n_samples,), for example using ravel().
  return fit_method(estimator, *args, **kwargs)
rf score: 0.5437360570039623
Traceback (most recent call last):
  File "/nfs/undergrad/11/b11902038/Desktop/HTML/final/blending.py", line 86, in <module>
    meta_model = fit_models(MODELS, X_train, X_val, y_train, y_val)
                 ^^^^^^^^^^^^^^^^^^^^^^^^^^^^^^^^^^^^^^^^^^^^^^^^^^
  File "/nfs/undergrad/11/b11902038/Desktop/HTML/final/blending.py", line 52, in fit_models
    meta_model.fit(meta_features, y_val.values.ravel(),
  File "/nfs/undergrad/11/b11902038/Desktop/HTML/.venv/lib/python3.12/site-packages/sklearn/base.py", line 1473, in wrapper
    return fit_method(estimator, *args, **kwargs)
           ^^^^^^^^^^^^^^^^^^^^^^^^^^^^^^^^^^^^^^
TypeError: BaseGradientBoosting.fit() got an unexpected keyword argument 'verbose'

--- 1206_2219 ---

       away_batting_RBI_10RA  away_batting_RBI_mean  ...  is_night_game  season
0                  -0.285735              -1.014672  ...      -1.314292    2021
1                  -0.112603               0.365064  ...       0.760866    2019
2                  -0.199169               1.117203  ...       0.760866    2019
3                   1.185885               0.697757  ...       0.760866    2018
4                   1.099319               0.643947  ...       0.760866    2016
...                      ...                    ...  ...            ...     ...
10959               0.147095               0.947672  ...       0.760866    2016
10960              -0.199169               0.254396  ...      -1.314292    2023
10961               1.359017               0.873724  ...       0.760866    2022
10962               1.185885               0.962670  ...       0.760866    2021
10963              -0.112603              -0.090503  ...       0.760866    2023

[10964 rows x 1981 columns]
       home_team_win
0                  1
1                  0
2                  1
3                  1
4                  0
...              ...
10959              1
10960              0
10961              1
10962              0
10963              0

[10964 rows x 1 columns]
      away_batting_RBI_10RA  away_batting_RBI_mean  ...  is_night_game  season
0                  1.238306              -0.657693  ...      -1.510353  2017.0
1                  1.238306               2.001295  ...       0.662097  2023.0
2                  0.149099              -1.420094  ...       0.662097  2016.0
3                 -0.541195              -0.770350  ...      -1.510353  2019.0
4                 -0.072905               0.431885  ...      -1.510353  2016.0
...                     ...                    ...  ...            ...     ...
6180              -1.384116              -2.823398  ...       0.662097  2022.0
6181               0.101031              -0.554564  ...      -1.510353  2018.0
6182               0.770016               1.009663  ...       0.662097  2017.0
6183               0.114411               0.991100  ...      -1.510353  2018.0
6184              -0.166563               0.350742  ...       0.662097  2022.0

[6185 rows x 1981 columns]
/nfs/undergrad/11/b11902038/Desktop/HTML/.venv/lib/python3.12/site-packages/sklearn/base.py:1473: DataConversionWarning: A column-vector y was passed when a 1d array was expected. Please change the shape of y to (n_samples,), for example using ravel().
  return fit_method(estimator, *args, **kwargs)
etc score: 0.5397945593180833
/nfs/undergrad/11/b11902038/Desktop/HTML/.venv/lib/python3.12/site-packages/sklearn/utils/validation.py:1339: DataConversionWarning: A column-vector y was passed when a 1d array was expected. Please change the shape of y to (n_samples, ), for example using ravel().
  y = column_or_1d(y, warn=True)
/nfs/undergrad/11/b11902038/Desktop/HTML/.venv/lib/python3.12/site-packages/sklearn/ensemble/_weight_boosting.py:527: FutureWarning: The SAMME.R algorithm (the default) is deprecated and will be removed in 1.6. Use the SAMME algorithm to circumvent this warning.
  warnings.warn(
ada score: 0.5429028069123965
dtc score: 0.5063829787234042
/nfs/undergrad/11/b11902038/Desktop/HTML/.venv/lib/python3.12/site-packages/sklearn/base.py:1473: DataConversionWarning: A column-vector y was passed when a 1d array was expected. Please change the shape of y to (n_samples,), for example using ravel().
  return fit_method(estimator, *args, **kwargs)
rf score: 0.5363038158026171
/nfs/undergrad/11/b11902038/Desktop/HTML/.venv/lib/python3.12/site-packages/sklearn/preprocessing/_label.py:114: DataConversionWarning: A column-vector y was passed when a 1d array was expected. Please change the shape of y to (n_samples, ), for example using ravel().
  y = column_or_1d(y, warn=True)
meta AUC: 0.9994489394998834

--- 1206_2236 ---

       away_batting_RBI_10RA  away_batting_RBI_mean  ...  is_night_game  season
0                  -0.285735              -1.014672  ...      -1.314292    2021
1                  -0.112603               0.365064  ...       0.760866    2019
2                  -0.199169               1.117203  ...       0.760866    2019
3                   1.185885               0.697757  ...       0.760866    2018
4                   1.099319               0.643947  ...       0.760866    2016
...                      ...                    ...  ...            ...     ...
10959               0.147095               0.947672  ...       0.760866    2016
10960              -0.199169               0.254396  ...      -1.314292    2023
10961               1.359017               0.873724  ...       0.760866    2022
10962               1.185885               0.962670  ...       0.760866    2021
10963              -0.112603              -0.090503  ...       0.760866    2023

[10964 rows x 1981 columns]
[1 0 1 ... 1 0 0]
      away_batting_RBI_10RA  away_batting_RBI_mean  ...  is_night_game  season
0                  1.238306              -0.657693  ...      -1.510353  2017.0
1                  1.238306               2.001295  ...       0.662097  2023.0
2                  0.149099              -1.420094  ...       0.662097  2016.0
3                 -0.541195              -0.770350  ...      -1.510353  2019.0
4                 -0.072905               0.431885  ...      -1.510353  2016.0
...                     ...                    ...  ...            ...     ...
6180              -1.384116              -2.823398  ...       0.662097  2022.0
6181               0.101031              -0.554564  ...      -1.510353  2018.0
6182               0.770016               1.009663  ...       0.662097  2017.0
6183               0.114411               0.991100  ...      -1.510353  2018.0
6184              -0.166563               0.350742  ...       0.662097  2022.0

[6185 rows x 1981 columns]
etc score: 0.5349490560383577
/nfs/undergrad/11/b11902038/Desktop/HTML/.venv/lib/python3.12/site-packages/sklearn/ensemble/_weight_boosting.py:527: FutureWarning: The SAMME.R algorithm (the default) is deprecated and will be removed in 1.6. Use the SAMME algorithm to circumvent this warning.
  warnings.warn(
ada score: 0.5429028069123965
dtc score: 0.5143641993806812
rf score: 0.5416883095261879
meta AUC: 0.9988479339393334
[[0.00379678 0.99620322]
 [0.00174978 0.99825022]
 [0.33993855 0.66006145]
 ...
 [0.00683661 0.99316339]
 [0.95326615 0.04673385]
 [0.47054592 0.52945408]]
