--- 1207_0140 ---

       away_batting_RBI_10RA  away_batting_RBI_mean  ...  is_night_game  season
0                  -0.285735              -1.014672  ...      -1.314292    2021
1                  -0.112603               0.365064  ...       0.760866    2019
2                  -0.199169               1.117203  ...       0.760866    2019
3                   1.185885               0.697757  ...       0.760866    2018
4                   1.099319               0.643947  ...       0.760866    2016
...                      ...                    ...  ...            ...     ...
10959               0.147095               0.947672  ...       0.760866    2016
10960              -0.199169               0.254396  ...      -1.314292    2023
10961               1.359017               0.873724  ...       0.760866    2022
10962               1.185885               0.962670  ...       0.760866    2021
10963              -0.112603              -0.090503  ...       0.760866    2023

[10964 rows x 1981 columns]
[1 0 1 ... 1 0 0]
      away_batting_RBI_10RA  away_batting_RBI_mean  ...  is_night_game  season
0                  1.238306              -0.657693  ...      -1.510353  2017.0
1                  1.238306               2.001295  ...       0.662097  2023.0
2                  0.149099              -1.420094  ...       0.662097  2016.0
3                 -0.541195              -0.770350  ...      -1.510353  2019.0
4                 -0.072905               0.431885  ...      -1.510353  2016.0
...                     ...                    ...  ...            ...     ...
6180              -1.384116              -2.823398  ...       0.662097  2022.0
6181               0.101031              -0.554564  ...      -1.510353  2018.0
6182               0.770016               1.009663  ...       0.662097  2017.0
6183               0.114411               0.991100  ...      -1.510353  2018.0
6184              -0.166563               0.350742  ...       0.662097  2022.0

[6185 rows x 1981 columns]
training etc

training fold 1
train: [    1     2     4 ... 10961 10962 10963]
val: [    0     3     9 ... 10943 10950 10959]
training fold 2
train: [    0     2     3 ... 10961 10962 10963]
val: [    1     5     8 ... 10937 10953 10958]
training fold 3
train: [    0     1     2 ... 10959 10960 10963]
val: [    4     7    19 ... 10952 10961 10962]
training fold 4
train: [    0     1     3 ... 10960 10961 10962]
val: [    2    13    17 ... 10954 10955 10963]
training fold 5
train: [    0     1     2 ... 10961 10962 10963]
val: [    6    10    11 ... 10956 10957 10960]
AUC: 0.5542376480472613
training ada

training fold 1
train: [    1     2     3 ... 10961 10962 10963]
val: [    0    12    18 ... 10944 10955 10958]
/usr/lib/python3.12/site-packages/sklearn/ensemble/_weight_boosting.py:527: FutureWarning: The SAMME.R algorithm (the default) is deprecated and will be removed in 1.6. Use the SAMME algorithm to circumvent this warning.
  warnings.warn(
training fold 2
train: [    0     2     3 ... 10961 10962 10963]
val: [    1     4    14 ... 10941 10948 10949]
/usr/lib/python3.12/site-packages/sklearn/ensemble/_weight_boosting.py:527: FutureWarning: The SAMME.R algorithm (the default) is deprecated and will be removed in 1.6. Use the SAMME algorithm to circumvent this warning.
  warnings.warn(
training fold 3
train: [    0     1     3 ... 10958 10960 10961]
val: [    2     9    26 ... 10959 10962 10963]
/usr/lib/python3.12/site-packages/sklearn/ensemble/_weight_boosting.py:527: FutureWarning: The SAMME.R algorithm (the default) is deprecated and will be removed in 1.6. Use the SAMME algorithm to circumvent this warning.
  warnings.warn(
training fold 4
train: [    0     1     2 ... 10959 10962 10963]
val: [    3     5     8 ... 10957 10960 10961]
/usr/lib/python3.12/site-packages/sklearn/ensemble/_weight_boosting.py:527: FutureWarning: The SAMME.R algorithm (the default) is deprecated and will be removed in 1.6. Use the SAMME algorithm to circumvent this warning.
  warnings.warn(
training fold 5
train: [    0     1     2 ... 10961 10962 10963]
val: [    6     7    10 ... 10950 10951 10952]
/usr/lib/python3.12/site-packages/sklearn/ensemble/_weight_boosting.py:527: FutureWarning: The SAMME.R algorithm (the default) is deprecated and will be removed in 1.6. Use the SAMME algorithm to circumvent this warning.
  warnings.warn(
AUC: 0.556914160012966
training dtc

training fold 1
train: [    0     1     2 ... 10960 10962 10963]
val: [    7     8     9 ... 10954 10956 10961]
training fold 2
train: [    0     2     4 ... 10958 10961 10962]
val: [    1     3    17 ... 10959 10960 10963]
training fold 3
train: [    0     1     2 ... 10960 10961 10963]
val: [    4    20    22 ... 10946 10948 10962]
training fold 4
train: [    0     1     3 ... 10961 10962 10963]
val: [    2     6    11 ... 10939 10940 10941]
training fold 5
train: [    1     2     3 ... 10961 10962 10963]
val: [    0     5    12 ... 10947 10957 10958]
AUC: 0.5145308818693722
training rf

training fold 1
train: [    0     1     2 ... 10960 10962 10963]
val: [    7    10    24 ... 10952 10953 10961]
training fold 2
train: [    0     1     2 ... 10961 10962 10963]
val: [   11    14    15 ... 10941 10951 10960]
training fold 3
train: [    0     3     4 ... 10960 10961 10963]
val: [    1     2     6 ... 10956 10958 10962]
training fold 4
train: [    1     2     5 ... 10960 10961 10962]
val: [    0     3     4 ... 10950 10959 10963]
training fold 5
train: [    0     1     2 ... 10961 10962 10963]
val: [    5     9    27 ... 10945 10955 10957]
AUC: 0.555975430043715
training gbc

training fold 1
train: [    0     1     2 ... 10961 10962 10963]
val: [    7    12    18 ... 10950 10953 10954]
training fold 2
train: [    0     2     3 ... 10961 10962 10963]
val: [    1     6    10 ... 10951 10952 10960]
training fold 3
train: [    0     1     3 ... 10958 10960 10963]
val: [    2     5     9 ... 10959 10961 10962]
training fold 4
train: [    0     1     2 ... 10961 10962 10963]
val: [    4    16    22 ... 10947 10955 10956]
training fold 5
train: [    1     2     4 ... 10960 10961 10962]
val: [    0     3     8 ... 10949 10958 10963]
AUC: 0.568821291200734
training svc

training fold 1
train: [    0     2     3 ... 10961 10962 10963]
val: [    1     6    10 ... 10937 10939 10955]
training fold 2
train: [    0     1     2 ... 10960 10961 10963]
val: [    7     9    19 ... 10956 10958 10962]
training fold 3
train: [    1     2     4 ... 10958 10962 10963]
val: [    0     3     5 ... 10959 10960 10961]
training fold 4
train: [    0     1     3 ... 10961 10962 10963]
val: [    2    13    18 ... 10950 10952 10954]
training fold 5
train: [    0     1     2 ... 10960 10961 10962]
val: [    4     8    11 ... 10948 10951 10963]
AUC: 0.5797637042717165
Traceback (most recent call last):
  File "/nfs/undergrad/11/b11902038/Desktop/HTML/final/blending-kfold.py", line 98, in <module>
    pred = train_meta_and_predict(MODELS, X, y, X_test)
           ^^^^^^^^^^^^^^^^^^^^^^^^^^^^^^^^^^^^^^^^^^^^
  File "/nfs/undergrad/11/b11902038/Desktop/HTML/final/blending-kfold.py", line 81, in train_meta_and_predict
    meta_model.fit(meta_features, y)
                   ^^^^^^^^^^^^^
NameError: name 'meta_features' is not defined. Did you mean: 'test_features'?
