start preprocessing...
still has null value, pad with ffill
/nfs/undergrad/11/b11902038/Desktop/HTML/final/train.py:29: FutureWarning: Downcasting object dtype arrays on .fillna, .ffill, .bfill is deprecated and will change in a future version. Call result.infer_objects(copy=False) instead. To opt-in to the future behavior, set `pd.set_option('future.no_silent_downcasting', True)`
  cat_df = cat_df.ffill().bfill()
still has null value, pad with ffill
/nfs/undergrad/11/b11902038/Desktop/HTML/final/train.py:29: FutureWarning: Downcasting object dtype arrays on .fillna, .ffill, .bfill is deprecated and will change in a future version. Call result.infer_objects(copy=False) instead. To opt-in to the future behavior, set `pd.set_option('future.no_silent_downcasting', True)`
  cat_df = cat_df.ffill().bfill()
       home_team_rest  ...  home_pitcher_roberni01
0           -0.287229  ...                     0.0
1            1.581532  ...                     0.0
2           -0.287229  ...                     0.0
3           -0.287229  ...                     0.0
4           -0.287229  ...                     0.0
...               ...  ...                     ...
11062       -0.287229  ...                     0.0
11063       -0.287229  ...                     0.0
11064       -0.287229  ...                     0.0
11065       -0.287229  ...                     0.0
11066       -0.287229  ...                     0.0

[11067 rows x 2401 columns]
0        1
1        0
2        1
3        1
4        0
        ..
11062    1
11063    0
11064    1
11065    0
11066    0
Name: home_team_win, Length: 11067, dtype: int64
      home_team_rest  ...  home_pitcher_roberni01
0          -0.283930  ...                       0
1          -0.283930  ...                       0
2           1.826776  ...                       0
3          -0.283930  ...                       0
4          -0.283930  ...                       0
...              ...  ...                     ...
6180       -0.283930  ...                       0
6181       -0.283930  ...                       0
6182       -0.283930  ...                       0
6183       -0.283930  ...                       0
6184       -0.283930  ...                       0

[6185 rows x 2401 columns]
start training...

training time 568.7661442756653s
start testing...

test time 484.38656425476074s
